c:\users\slime\source\repos\ipcapp\ipcapp\debug\ipcapp.pch
c:\users\slime\source\repos\ipcapp\ipcapp\debug\vc142.pdb
c:\users\slime\source\repos\ipcapp\ipcapp\debug\vc142.idb
c:\users\slime\source\repos\ipcapp\ipcapp\debug\pch.obj
c:\users\slime\source\repos\ipcapp\ipcapp\debug\ipcappdlg.obj
c:\users\slime\source\repos\ipcapp\ipcapp\debug\ipcapp.obj
c:\users\slime\source\repos\ipcapp\ipcapp\debug\clayermanager.obj
c:\users\slime\source\repos\ipcapp\ipcapp\debug\cfilelayer.obj
c:\users\slime\source\repos\ipcapp\ipcapp\debug\cethernetlayer.obj
c:\users\slime\source\repos\ipcapp\ipcapp\debug\cchatapplayer.obj
c:\users\slime\source\repos\ipcapp\ipcapp\debug\cbaselayer.obj
c:\users\slime\source\repos\ipcapp\debug\ipcapp.ilk
c:\users\slime\source\repos\ipcapp\debug\ipcapp.exe
c:\users\slime\source\repos\ipcapp\debug\ipcapp.pdb
c:\users\slime\source\repos\ipcapp\ipcapp\debug\ipcapp.res
c:\users\slime\source\repos\ipcapp\ipcapp\debug\ipcapp.tlog\cl.command.1.tlog
c:\users\slime\source\repos\ipcapp\ipcapp\debug\ipcapp.tlog\cl.read.1.tlog
c:\users\slime\source\repos\ipcapp\ipcapp\debug\ipcapp.tlog\cl.write.1.tlog
c:\users\slime\source\repos\ipcapp\ipcapp\debug\ipcapp.tlog\link.command.1.tlog
c:\users\slime\source\repos\ipcapp\ipcapp\debug\ipcapp.tlog\link.read.1.tlog
c:\users\slime\source\repos\ipcapp\ipcapp\debug\ipcapp.tlog\link.write.1.tlog
c:\users\slime\source\repos\ipcapp\ipcapp\debug\ipcapp.tlog\rc.command.1.tlog
c:\users\slime\source\repos\ipcapp\ipcapp\debug\ipcapp.tlog\rc.read.1.tlog
c:\users\slime\source\repos\ipcapp\ipcapp\debug\ipcapp.tlog\rc.write.1.tlog
